<?xml version="1.0" encoding="UTF-8"?>
<testExecutions version="1">
  <file path="/Users/edismacbook/Desktop/Test/auth-mobile/src/components/passwordReset/button/button.test.tsx">
  </file>
</testExecutions>